<?xml version="1.0" encoding="UTF-8"?>
<!-- Generated by org.testng.reporters.JUnitReportReporter -->
<testsuite hostname="DESKTOP-88FLBF9" failures="0" tests="1" name="test.LMSProject" time="18.272" errors="0" timestamp="2020-09-05T15:43:39 IST" skipped="0">
  <testcase classname="test.LMSProject" name="Activity3" time="18.272"/>
  <system-out>
Activity 3 successful  </system-out>
</testsuite> <!-- test.LMSProject -->
